=> F9
NAO
=> Ghostbusters: Afterlife
Posicao: 8
=> Godzilla vs. Kong
NAO
=> No Time to Die
Posicao: 9
=> Death on the Nile
NAO
=> Diary of a Wimpy Kid
Posicao: 14
=> Free Guy
NAO
=> American Siege
NAO
=> Blacklight
NAO
=> Catwoman: Hunted
NAO
=> PAW Patrol: The Movie
NAO
=> Red Notice
Posicao: 1
=> The Last Duel
NAO
=> West Side Story
NAO
=> Zack Snyder's Justice League
Posicao: 15
=> Fistful of Vengeance
NAO
=> Snake Eyes: G.I. Joe Origins
NAO
Exorcismo Sagrado The Exorcism of God 10/02/2022 98 Terror Inglês Lançado 1.5e+06 [prison, mexico, small town, exorcism, possession, possessed, exorcist]
Alerta Vermelho Red Notice 05/11/2021 117 Ação,Comédia,Crime,Thriller Inglês Lançado 1.6e+08 [fbi, interpol, heist, art thief]
Resident Evil: Bem-Vindo a Raccoon City Resident Evil: Welcome to Raccoon City 02/12/2021 107 Terror,Ação,Ficção científica Inglês Lançado 4e+07 [mutant, biological weapon, quarantine, zombie, based on video game, reboot]
Casa Gucci House of Gucci 25/11/2021 158 Drama,Crime,Thriller Inglês Lançado 7.5e+07 [biography, marriage crisis, fashion designer, murder, fashion, rich family, gucci]
Venom: Tempo de Carnificina Venom: Let There Be Carnage 07/10/2021 97 Ficção científica,Ação,Aventura Inglês Lançado 1.1e+08 [hero, anti hero, villain, sequel, superhero, based on comic, aftercreditsstinger, symbiote, marvel comics]
   0    0 []
   0    0 []
   0    0 []
Ghostbusters: Mais Além Ghostbusters: Afterlife 18/11/2021 124 Fantasia,Comédia,Aventura Inglês Lançado 7.5e+07 [small town, ghostbuster, nostalgia, afterlife, sequel, ghost, aftercreditsstinger, duringcreditsstinger, dead grandfather, ancient evil, otherworldly beings, paranormal events, father absence, ghostbusters]
007: Sem Tempo para Morrer No Time to Die 30/09/2021 163 Aventura,Ação,Thriller Inglês Lançado 2.5e+08 [spy, british secret service, nanobots, 007]
   0    0 []
Homem-Aranha: Sem Volta Para Casa Spider-Man: No Way Home 16/12/2021 148 Ação,Aventura,Ficção científica Inglês Lançado 2e+08 [hero, comic book, superhero, based on comic, marvel cinematic universe (mcu)]
Gold Gold 13/01/2022 97 Thriller,Ação Inglês Lançado 6.5e+06 []
Batman The Batman 03/03/2022 185 Crime,Mistério,Thriller Inglês Lançado 1.85e+08 [dc comics, crime fighter, secret identity, vigilante, superhero, based on comic, masked superhero, gotham city]
A Família Addams 2: Pé na Estrada The Addams Family 2 07/10/2021 93 Animação,Aventura,Comédia,Família Inglês Lançado 0 [family roleplay]
   0    0 []
A Era do Gelo: As Aventuras de Buck The Ice Age Adventures of Buck Wild 28/01/2022 81 Animação,Comédia,Aventura,Família Inglês Lançado 0 [ice age, snow, spin off, polar adventure]
   0    0 []
   0    0 []
Cruella Cruella 28/05/2021 134 Comédia,Crime Inglês Lançado 2e+08 [1970s, anti hero, villain, punk rock, fashion designer, fashion, origin story]
   0    0 []
Diário de um Banana Diary of a Wimpy Kid 03/12/2021 58 Animação,Comédia,Família Inglês Lançado 0 [middle school]
Dog Dog 18/02/2022 101 Drama,Comédia Inglês Lançado 2e+07 [emotional support animal, comedy film, dog hero, belgian malinois, baddi-flies]
Encanto Encanto 24/11/2021 102 Animação,Comédia,Família,Fantasia Inglês Lançado 5e+07 [magic, musical, forest, family relationships, female protagonist, colombia]
Infiltrado Wrath of Man 27/05/2021 119 Ação,Crime,Thriller Inglês Lançado 4e+07 [robbery, crime boss, revenge, shootout, los angeles, california, theft, security guard, ex soldier, cash truck]
Liga da Justiça de Zack Snyder Zack Snyder's Justice League 18/03/2021 242 Ação,Aventura,Fantasia,Ficção científica Inglês Lançado 7e+07 [dc comics, superhero, based on comic, superhero team, dc extended universe, superhero teamup]
Luca Luca 17/06/2021 101 Animação,Comédia,Família,Fantasia Inglês Lançado 2e+08 [italy, monster, secret, friendship, friends, coming of age, sea monster, vespa, seaside town, 1950s, pasta, water, italian riviera, pesto, portorosso]
Matrix Resurrections The Matrix Resurrections 22/12/2021 148 Ficção científica,Ação,Aventura Inglês Lançado 1.9e+08 [artificial intelligence, man vs machine, prophecy, underground world, future, virtual reality, dystopia, computer, cyberpunk, aftercreditsstinger, dream world, woman director, gnosticism]
Mortal Kombat Mortal Kombat 15/04/2021 110 Ação,Fantasia,Aventura Inglês Lançado 2e+07 [saving the world, magic, ninja fighter, alternate dimension, shaolin monk, fighting, based on video game, martial arts tournament, gods, hand to hand combat]
Ron Bugado Ron's Gone Wrong 22/10/2021 107 Animação,Ficção científica,Família,Comédia Inglês Lançado 0 [family, best friend forever]
