(R) Casa Gucci
(R) G.I. Joe Origens: Snake Eyes
(R) Free Guy: Assumindo o Controle
(R) Dog
(R) Agente das Sombras
(R) A Era do Gelo: As Aventuras de Buck
(R) A Família Addams 2: Pé na Estrada
(R) Batman
(R) Diário de um Banana
[0] Licorice Pizza Licorice Pizza 17/02/2022 133 Drama,Comédia Inglês Lançado 4E+07 [california, 1970s, high school, love, coming of age, teenage love, young love, san fernando valley, child actor, jewish]
[1] Kimi: Alguém Está Escutando Kimi 10/02/2022 89 Thriller Inglês Lançado 0E+00 [seattle, usa, agoraphobia, mental illness, virus, covid-19]
[2] Golpes de Vingança Fistful of Vengeance 17/02/2022 96 Ação,Crime,Fantasia Inglês Lançado 0E+00 []
[3] Encontros Encounter 03/12/2021 108 Aventura,Drama Inglês Lançado 0E+00 [alien, alien abduction, alien invasion]
[4] Emboscada American Siege 07/01/2022 100 Ação,Thriller,Crime,Drama Inglês Lançado 0E+00 []
[5] Duna Dune 21/10/2021 155 Ficção científica,Aventura Inglês Lançado 2E+08 [prophecy, based on novel or book, emperor, dystopia, sand, spice, army, hallucinogen, epic, baron, remake, revenge, space, betrayal, treason, water shortage, creature, desert, knife fight, destiny, giant worm, space opera, sand dune, messiah, stereoscopic, 3d, giant creature]
[6] Clifford, o Gigante Cão Vermelho Clifford the Big Red Dog 02/12/2021 95 Família,Aventura,Comédia,Fantasia Inglês Lançado 6E+07 [based on novel or book, giant dog]
[7] Amor, Sublime Amor West Side Story 09/12/2021 157 Drama,Romance,Crime Inglês Lançado 1E+08 [new york city, street gang, love at first sight, forbidden love, musical, remake, interracial relationship, based on play or musical, young love, broadway musical, 1950s]
[8] A Guerra do Amanhã The Tomorrow War 02/07/2021 138 Ação,Ficção científica,Aventura Inglês Lançado 2E+08 [world cup, time travel, global warming, glacier, alien invasion, military, future war, father son reunion, hope for future, changing the past or future, message from the future, father son relationship, father daughter relationship, world war, aliens]
[9] 007: Sem Tempo para Morrer No Time to Die 30/09/2021 163 Aventura,Ação,Thriller Inglês Lançado 2E+08 [spy, british secret service, nanobots, 007]
[10] Alerta Vermelho Red Notice 05/11/2021 117 Ação,Comédia,Crime,Thriller Inglês Lançado 2E+08 [fbi, interpol, heist, art thief]
[11] Cruella Cruella 28/05/2021 134 Comédia,Crime Inglês Lançado 2E+08 [1970s, anti hero, villain, punk rock, fashion designer, fashion, origin story]
[12] Godzilla vs. Kong Godzilla vs. Kong 01/04/2021 113 Ação,Fantasia,Ficção científica Inglês Lançado 2E+08 [giant monster, dinosaur, creature feature, kaiju, sign languages, giant ape, godzilla, monsterverse, robot dinosaur]
[13] Jackass Para Sempre Jackass Forever 01/02/2022 96 Ação,Comédia,Documentário Inglês Lançado 1E+07 [crazy stunts, stunts]
[14] Encanto Encanto 24/11/2021 102 Animação,Comédia,Família,Fantasia Inglês Lançado 5E+07 [magic, musical, forest, family relationships, female protagonist, colombia]
[15] Exorcismo Sagrado The Exorcism of God 10/02/2022 98 Terror Inglês Lançado 2E+06 [prison, mexico, small town, exorcism, possession, possessed, exorcist]
[16] Morte no Nilo Death on the Nile 10/02/2022 120 Mistério,Crime,Drama,Thriller Inglês Lançado 9E+07 [detective, based on novel or book, egypt, nile, remake, thriller, murder mystery, 1930s, poirot]
[17] Ghostbusters: Mais Além Ghostbusters: Afterlife 18/11/2021 124 Fantasia,Comédia,Aventura Inglês Lançado 8E+07 [small town, ghostbuster, nostalgia, afterlife, sequel, ghost, aftercreditsstinger, duringcreditsstinger, dead grandfather, ancient evil, otherworldly beings, paranormal events, father absence, ghostbusters]
[18] Gold Gold 13/01/2022 97 Thriller,Ação Inglês Lançado 6E+06 []
[19] Mulher-Gato: A Caçada Catwoman: Hunted 22/02/2022 78 Animação,Ação,Crime Inglês Lançado 0E+00 [dc comics, superhero]
[20] Homem-Aranha: Sem Volta Para Casa Spider-Man: No Way Home 16/12/2021 148 Ação,Aventura,Ficção científica Inglês Lançado 2E+08 [hero, c