163
122
112
114
128
(R) 007: Sem Tempo para Morrer
127
(R) A Era do Gelo: As Aventuras de Buck
137
(R) A Família Addams 2: Pé na Estrada
130
(R) Alerta Vermelho
127
(R) Batman
111
(R) Casa Gucci
99
(R) Cruella
97
(R) Diário de um Banana
104
(R) Dog
114
(R) Encanto
117
(R) Exorcismo Sagrado
146
(R) Ghostbusters: Mais Além
141
(R) Gold
152
(R) Homem-Aranha: Sem Volta Para Casa
144
(R) Infiltrado
147
(R) Liga da Justiça de Zack Snyder
129
(R) Luca
109
(R) Matrix Resurrections
97
(R) Mortal Kombat
97
(R) O Esquadrão Suicida
92
(R) O Último Duelo
80
(R) Os Simpsons em Plusniversário
102
(R) Patrulha Canina: O Filme
114
(R) Resident Evil: Bem-Vindo a Raccoon City
112
(R) Ron Bugado
109
(R) The Commando
118
(R) Uncharted: Fora do Mapa
115
(R) Velozes &amp; Furiosos 9
118
(R) Venom: Tempo de Carnificina
117
(R) Witch Hunt
130
(R) A Guerra do Amanhã
122
(R) Agente das Sombras
123
(R) Amor, Sublime Amor
114
(R) Clifford, o Gigante Cão Vermelho
120
(R) Duna
(R) Emboscada
(R) Encontros
(R) Free Guy: Assumindo o Controle
117
110
107
103
(R) G.I. Joe Origens: Snake Eyes
105
(R) Godzilla vs. Kong
83
(R) Jackass Para Sempre
80
(R) Golpes de Vingança
(R) Kimi: Alguém Está Escutando
(R) Licorice Pizza
(R) Morte no Nilo
[0] Mulher-Gato: A Caçada Catwoman: Hunted 22/02/2022 78 Animação,Ação,Crime Inglês Lançado 0.0 [dc comics, superhero]
