0.2
0.939
0.809
0.689
0.27
0.621
0.125
0.264
0.495
0.306
0.469
0.383
0.77
0.671
0.253
0.507
0.217
0.525
0.572
0.021
841
89
820
122
744
797
361
259
19
435
692.047
384.714
988.387
221.516
712.368
355.144
474.429
918.09
835.45
323.724
353.307
960.799
782.179
238.715
504.077
517.143
1.691758765603465E-52
7.128892141848052E-67
1.0849869420227395E-42
4.27329287989452E-33
5.153415980779059E-62
4.424156435973586E-62
1.9674316547016455E-259
6.3130556653780215E-34
5.218166051833043E-58
9.624371251107461E-39
2.2421796999770942E-48
1.468340975695587E-43
5.222058522441047E-58
1.4685650703118508E-43
3.4208008497241936E-53
2.6142785189554684E-52
4.437312533554256E-33
6.691372600872828E-67
7.35857112144241E-38
1.571053973352089E-76
1.3044014347168262E-76
1.4678996622026748E-43
1.692924908663176E-52
1.303894094014587E-76
1.4678996656086798E-43
3.864594975343148E-86
1.3154527697958257E-259
4.0521176367300233E-33
3.661950665279071E-86
1.315449028776596E-259
8.545935925155229E-67
1.3045707867877409E-76
6.304581085906596E-34
1.30386575449857E-76
