007: Sem Tempo para Morrer No Time to Die 30/09/2021 163 Aventura,Ação,Thriller Inglês Lançado 2.5E8 [spy, british secret service, nanobots, 007]
A Era do Gelo: As Aventuras de Buck The Ice Age Adventures of Buck Wild 28/01/2022 81 Animação,Comédia,Aventura,Família Inglês Lançado 0.0 [ice age, snow, spin off, polar adventure]
A Família Addams 2: Pé na Estrada The Addams Family 2 07/10/2021 93 Animação,Aventura,Comédia,Família Inglês Lançado 0.0 [family roleplay]
A Guerra do Amanhã The Tomorrow War 02/07/2021 138 Ação,Ficção científica,Aventura Inglês Lançado 2.0E8 [world cup, time travel, global warming, glacier, alien invasion, military, future war, father son reunion, hope for future, changing the past or future, message from the future, father son relationship, father daughter relationship, world war, aliens]
Agente das Sombras Blacklight 10/03/2022 104 Ação,Thriller Inglês Lançado 4.3E7 []
Alerta Vermelho Red Notice 05/11/2021 117 Ação,Comédia,Crime,Thriller Inglês Lançado 1.6E8 [fbi, interpol, heist, art thief]
Amor, Sublime Amor West Side Story 09/12/2021 157 Drama,Romance,Crime Inglês Lançado 1.0E8 [new york city, street gang, love at first sight, forbidden love, musical, remake, interracial relationship, based on play or musical, young love, broadway musical, 1950s]
As Agentes 355 The 355 20/01/2022 122 Ação,Thriller Inglês Lançado 7.5E7 [spy, agent]
Através da Minha Janela A través de mi ventana 04/02/2022 113 Romance,Drama Espanhol; Castelhano Lançado 0.0 [based on novel or book]
Batman The Batman 03/03/2022 185 Crime,Mistério,Thriller Inglês Lançado 1.85E8 [dc comics, crime fighter, secret identity, vigilante, superhero, based on comic, masked superhero, gotham city]
Belfast Belfast 10/03/2022 98 Drama Inglês Lançado 0.0 [working class, black and white, belfast, north ireland, 1960s]
Casa Gucci House of Gucci 25/11/2021 158 Drama,Crime,Thriller Inglês Lançado 7.5E7 [biography, marriage crisis, fashion designer, murder, fashion, rich family, gucci]
Case Comigo Marry Me 10/02/2022 112 Romance,Comédia,Música Inglês Lançado 2.3E7 [marriage, celebrity, wedding]
Clifford, o Gigante Cão Vermelho Clifford the Big Red Dog 02/12/2021 95 Família,Aventura,Comédia,Fantasia Inglês Lançado 6.4E7 [based on novel or book, giant dog]
Contra o Gelo Against the Ice 02/03/2022 101 Aventura,História,Drama Inglês Lançado 0.0 [captain, isolation, ship, polar bear, based on true story, survival, explorer, greenland, early 1900s]
Cruella Cruella 28/05/2021 134 Comédia,Crime Inglês Lançado 2.0E8 [1970s, anti hero, villain, punk rock, fashion designer, fashion, origin story]
Desperate Riders Desperate Riders 25/02/2022 89 Faroeste,Ação Inglês Lançado 0.0 []
Diário de um Banana Diary of a Wimpy Kid 03/12/2021 58 Animação,Comédia,Família Inglês Lançado 0.0 [middle school]
Dog Dog 18/02/2022 101 Drama,Comédia Inglês Lançado 2.0E7 [emotional support animal, comedy film, dog hero, belgian malinois, baddi-flies]
Duna Dune 21/10/2021 155 Ficção científica,Aventura Inglês Lançado 1.65E8 [prophecy, based on novel or book, emperor, dystopia, sand, spice, army, hallucinogen, epic, baron, remake, revenge, space, betrayal, treason, water shortage, creature, desert, knife fight, destiny, giant worm, space opera, sand dune, messiah, stereoscopic, 3d, giant creature]
Eduardo e Mônica Eduardo e Mônica 20/01/2022 112 Romance,Drama Português Lançado 1990198.0 []
Emboscada American Siege 07/01/2022 100 Ação,Thriller,Crime,Drama Inglês Lançado 0.0 []
Encanto Encanto 24/11/2021 102 Animação,Comédia,Família,Fantasia Inglês Lançado 5.0E7 [magic, musical, forest, family relationships, female protagonist, colombia]
Encontros Encounter 03/12/2021 108 Aventura,Drama Inglês Lançado 0.0 [alien, alien abduction, alien invasion]
Erax Erax 17/02/2022 14 Mistério,Família Inglês Lançado 0.0 []
Eternos Eternals 04/11/2021 157 Ficção científica Inglês Lançado 2.0E8 [supernatural, superhero, based on comic, alien, super power, marvel cinematic universe (mcu), sign languages, ancient, god-like]
Exorcismo Sagrado The Exorcism of God 10/02/2022 98 Terror Inglês Lançado 1500000.0 [prison, mexico, small town, exorcism, possession, possessed, exorcist]
Finch Finch 05/11/2021 115 Ficção científica,Drama,Aventura Inglês Lançado 2500000.0 [robot, journey, humanity, post-apocalyptic]
Free Guy: Assumindo o Controle Free Guy 19/08/2021 114 Comédia,Ação,Aventura,Ficção científica Inglês Lançado 1.1E8 [video game, gun, hero, virtual reality, code, gamer, bank robbery, bank teller, programmer, heroic]
G.I. Joe Origens: Snake Eyes Snake Eyes: G.I. Joe Origins 19/08/2021 121 Ação,Aventura Inglês Lançado 8.8E7 [prequel, based on comic, based on cartoon, ninja, based on toy, spin off, origin of hero, gi joe, female fighter, action hero, female warrior, shared universe, based on tv series]
Ghostbusters: Mais Além Ghostbusters: Afterlife 18/11/2021 124 Fantasia,Comédia,Aventura Inglês Lançado 7.5E7 [small town, ghostbuster, nostalgia, afterlife, sequel, ghost, aftercreditsstinger, duringcreditsstinger, dead grandfather, ancient evil, otherworldly beings, paranormal events, father absence, ghostbusters]
Godzilla vs. Kong Godzilla vs. Kong 01/04/2021 113 Ação,Fantasia,Ficção científica Inglês Lançado 2.0E8 [giant monster, dinosaur, creature feature, kaiju, sign languages, giant ape, godzilla, monsterverse, robot dinosaur]
Gold Gold 13/01/2022 97 Thriller,Ação Inglês Lançado 6500000.0 []
Golpes de Vingança Fistful of Vengeance 17/02/2022 96 Ação,Crime,Fantasia Inglês Lançado 0.0 []
Homem-Aranha: Sem Volta Para Casa Spider-Man: No Way Home 16/12/2021 148 Ação,Aventura,Ficção científica Inglês Lançado 2.0E8 [hero, comic book, superhero, based on comic, marvel cinematic universe (mcu)]
Hotel Transilvânia: Transformonstrão Hotel Transylvania: Transformania 25/02/2022 87 Animação,Família,Fantasia,Comédia,Aventura Inglês Lançado 0.0 [vampire]
Infiltrado Wrath of Man 27/05/2021 119 Ação,Crime,Thriller Inglês Lançado 4.0E7 [robbery, crime boss, revenge, shootout, los angeles, california, theft, security guard, ex soldier, cash truck]
Jack, o Estripador: A História Não Contada Ripper Untold 28/06/2021 85 Terror Inglês Lançado 0.0 []
Jackass Para Sempre Jackass Forever 01/02/2022 96 Ação,Comédia,Documentário Inglês Lançado 1.0E7 [crazy stunts, stunts]
Jungle Cruise Jungle Cruise 29/07/2021 127 Ação,Aventura,Comédia,Fantasia Inglês Lançado 2.0E8 [jungle, riverboat, 1910s, amazon river, based on theme park ride]
Kimi: Alguém Está Escutando Kimi 10/02/2022 89 Thriller Inglês Lançado 0.0 [seattle, usa, agoraphobia, mental illness, virus, covid-19]
King Richard: Criando Campeãs King Richard 02/12/2021 145 Drama,História Inglês Lançado 5.0E7 [tennis, tennis player, father, based on true story, family, tennis pro]
Kings Man: A Origem The King's Man 06/01/2022 130 Ação,Aventura,Thriller,Guerra Inglês Lançado 1.0E8 [london, england, spy, world war i, based on comic, secret service, world domination, 1910s, 源起]
Licorice Pizza Licorice Pizza 17/02/2022 133 Drama,Comédia Inglês Lançado 4.0E7 [california, 1970s, high school, love, coming of age, teenage love, young love, san fernando valley, child actor, jewish]
Liga da Justiça de Zack Snyder Zack Snyder's Justice League 18/03/2021 242 Ação,Aventura,Fantasia,Ficção científica Inglês Lançado 7.0E7 [dc comics, superhero, based on comic, superhero team, dc extended universe, superhero teamup]
Luca Luca 17/06/2021 101 Animação,Comédia,Família,Fantasia Inglês Lançado 2.0E8 [italy, monster, secret, friendship, friends, coming of age, sea monster, vespa, seaside town, 1950s, pasta, water, italian riviera, pesto, portorosso]
Madea: O Retorno Tyler Perry's A Madea Homecoming 25/02/2022 106 Comédia Inglês Lançado 0.0 []
Matrix Resurrections The Matrix Resurrections 22/12/2021 148 Ficção científica,Ação,Aventura Inglês Lançado 1.9E8 [artificial intelligence, man vs machine, prophecy, underground world, future, virtual reality, dystopia, computer, cyberpunk, aftercreditsstinger, dream world, woman director, gnosticism]
Moonfall - Ameaça Lunar Moonfall 03/02/2022 122 Ação,Aventura,Ficção científica Inglês Lançado 1.46E8 [moon, end of the world, disaster, apocalypse, armageddon]
Mortal Kombat Mortal Kombat 15/04/2021 110 Ação,Fantasia,Aventura Inglês Lançado 2.0E7 [saving the world, magic, ninja fighter, alternate dimension, shaolin monk, fighting, based on video game, martial arts tournament, gods, hand to hand combat]
Morte no Nilo Death on the Nile 10/02/2022 2 Mistério,Crime,Drama,Thriller Inglês Lançado 9.0E7 [detective, based on novel or book, egypt, nile, remake, thriller, murder mystery, 1930s, poirot]
Mulher-Gato: A Caçada Catwoman: Hunted 22/02/2022 78 Animação,Ação,Crime Inglês Lançado 0.0 [dc comics, superhero]
My Hero Academia: Missão Mundial de Heróis 僕のヒーローアカデミア THE MOVIE ワールド ヒーローズ ミッション 06/08/2021 104 Animação,Ação,Fantasia,Aventura Japonês Lançado 0.0 [japan, hero, superhero, school, fighting, super power, shounen, anime]
Naquele Fim de Semana The Weekend Away 03/03/2022 89 Thriller,Mistério Inglês Lançado 0.0 [based on novel or book, croatia, infidelity, murder, weekend getaway]
No Ritmo do Coração CODA 11/08/2021 112 Drama,Música,Romance Inglês Lançado 0.0 [parent child relationship, deaf, massachusetts, music teacher, remake, coming of age, singing, family, first love, based on movie, woman director, sign languages, commercial fishing, school choir, music school, teenager]
Não Olhe para Cima Don't Look Up 08/12/2021 138 Comédia,Drama,Ficção científica Inglês Lançado 7.5E7 [artificial intelligence, the white house, asteroid, climate change, comet, global warming, satire, end of the world, meteorite, astronomer, disaster, social commentary, social satire, teacher student relationship, mass hysteria]
O Beco do Pesadelo Nightmare Alley 27/01/2022 150 Crime,Drama,Thriller Inglês Lançado 6.0E7 [love triangle, based on novel or book, infidelity, secret, lie, carnival, supernatural, murder, mystery, fugitive, alcoholic, grifter, carny, neo-noir]
O Esquadrão Suicida The Suicide Squad 05/08/2021 132 Ação,Aventura,Fantasia Inglês Lançado 1.85E8 [dc comics, monster, anti hero, secret mission, superhero, based on comic, alien, betrayal, giant monster, alien invasion, convict, parasite, super villain, world domination, aftercreditsstinger, dc extended universe]
O Maravilhoso Inverno do Mickey Mouse The Wonderful Winter of Mickey Mouse 18/02/2022 22 Animação,Comédia Inglês Lançado 0.0 []
O Massacre da Serra Elétrica: O Retorno de Leatherface Texas Chainsaw Massacre 18/02/2022 83 Terror Inglês Lançado 2.0E7 [texas, mass murder, sequel, murder, gore, serial killer, decapitation, leatherface, slasher, chainsaw, massacre, cannibal, body mutilation, reboot, gentrification, skinning, massacres]
O Poderoso Chefinho 2: Negócios da Família The Boss Baby: Family Business 12/08/2021 107 Animação,Comédia,Aventura,Família Inglês Lançado 8.2E7 [baby, sequel, family, stereoscopic, 3d]
O Último Duelo The Last Duel 14/10/2021 153 Ação,Drama,História Inglês Lançado 1.0E8 [based on novel or book, normandy, france, based on true story, knight, duel, historical, sword duel, rape and revenge, squire, 14th century, medieval france]
Os Piratas: Em Busca do Tesouro Perdido 해적: 도깨비 깃발 26/01/2022 126 Ação,Aventura,Comédia,História Coreano Lançado 1.959738E7 [treasure, sequel, pirate, joseon dynasty]
Os Simpsons em Plusniversário The Simpsons in Plusaversary 12/11/2021 4 Animação,Comédia,Fantasia Inglês Lançado 0.0 [beer, adult animation, short film]
Pandemia: A Guerra Final Last Man Down 19/01/2022 87 Ação,Thriller Inglês Lançado 0.0 []
Patrulha Canina: O Filme PAW Patrol: The Movie 13/08/2021 88 Animação,Família,Aventura,Comédia Inglês Lançado 2.6E7 []
Perdoai-nos as Nossas Ofensas Forgive Us Our Trespasses 17/01/2022 14 Drama,Guerra Inglês Lançado 0.0 []
Perseguição Pursuit 18/02/2022 97 Ação,Crime,Thriller Inglês Lançado 0.0 []
Pranto Maldito Llanto Maldito 29/07/2021 90 Terror,Drama Espanhol; Castelhano Lançado 0.0 []
Próxima Parada: Lar Doce Lar Back to the Outback 03/12/2021 92 Animação,Família,Aventura,Comédia Inglês Lançado 0.0 []
Pânico Scream 13/01/2022 114 Terror,Mistério,Thriller Inglês Lançado 2.4E7 [attempted murder, mask, hallucination, murder, serial killer, hospital, slasher, whodunit, killing spree, hometown, reboot, crime spree, murder mystery, fandom, copycat killer, murder spree, sister sister relationship, metacinema, retired cop, return to hometown]
Rainha de Espadas Queen of Spades 19/08/2021 91 Terror Inglês Lançado 0.0 [remake, fear of mirrors]
Red: Crescer é Uma Fera Turning Red 10/03/2022 100 Animação,Família,Comédia,Fantasia Inglês Lançado 1.9E8 [canada, toronto, canada, anger, teen anger, 2000s]
Resident Evil: Bem-Vindo a Raccoon City Resident Evil: Welcome to Raccoon City 02/12/2021 107 Terror,Ação,Ficção científica Inglês Lançado 4.0E7 [mutant, biological weapon, quarantine, zombie, based on video game, reboot]
Rock Dog:  Uma Estrela Renasce Rock Dog 2: Rock Around the Park 24/06/2021 90 Animação,Comédia,Música,Família Inglês Lançado 0.0 []
Ron Bugado Ron's Gone Wrong 22/10/2021 107 Animação,Ficção científica,Família,Comédia Inglês Lançado 0.0 [family, best friend forever]
Segredos nas Paredes ปริศนารูหลอน 02/12/2021 125 Terror Tailandês Lançado 0.0 []
Sem Saída No Exit 25/02/2022 95 Terror,Thriller Inglês Lançado 0.0 [based on novel or book, winter, isolation, blizzard, child kidnapping, college student]
Sempre em Frente C'mon C'mon 17/02/2022 109 Drama Inglês Lançado 0.0 [new york city, new orleans, louisiana, los angeles, california, childhood, uncle nephew relationship, motherhood, bipolar disorder, brother sister relationship, interviews]
Shang-Chi e a Lenda dos Dez Anéis Shang-Chi and the Legend of the Ten Rings 02/09/2021 132 Ação,Aventura,Fantasia Inglês Lançado 1.5E8 [martial arts, superhero, based on comic, mixed martial arts, aftercreditsstinger, duringcreditsstinger, marvel cinematic universe (mcu), stereoscopic, marvel comics, 3d]
Sing 2 Sing 2 06/01/2022 110 Animação,Comédia,Família,Música Inglês Lançado 8.5E7 [anthropomorphism, singing]
Space Jam: Um Novo Legado Space Jam: A New Legacy 15/07/2021 115 Família,Animação,Comédia,Ficção científica Inglês Lançado 1.619E8 [sports, basketball, cartoon, game, live action and animation]
Spencer Spencer 27/01/2022 117 Drama Inglês Lançado 1.8E7 [holiday, royal family, biography, psychological abuse, based on true story, psychological horror, norfolk, princess diana, christmas, 1990s, british royal family, british monarchy, body horror]
The Commando The Commando 07/01/2022 93 Ação,Crime,Thriller Inglês Lançado 0.0 []
The House The House 14/01/2022 97 Animação,Drama,Comédia,Terror Inglês Lançado 0.0 [surreal, stop motion, dark comedy]
The Hunting The Hunting 21/01/2022 91 Terror Inglês Lançado 0.0 []
The Jack in the Box: Awakening The Jack in the Box: Awakening 03/01/2022 89 Terror Inglês Lançado 0.0 [clown, sequel, evil clown, jack in the box]
The Requin The Requin 28/01/2022 89 Thriller Inglês Lançado 0.0 []
Time do Coração Home Team 28/01/2022 97 Família,Comédia Inglês Lançado 0.0 [new orleans, louisiana, sports, nfl (national football league), new orleans saints]
Tiro Certo One Shot 21/01/2022 97 Ação Inglês Lançado 0.0 [war on terror, u.s. navy seal, seige]
Tom and Jerry: Cowboy Up! Tom and Jerry: Cowboy Up! 25/01/2022 75 Animação,Comédia,Família,Faroeste Inglês Lançado 0.0 []
Um Dia Difícil Sans répit 25/02/2022 96 Ação,Thriller,Crime Francês Lançado 0.0 [remake]
Um Looop Eterno लूप लपेटा 04/02/2022 131 Ação,Comédia,Crime Hindi Lançado 0.0 [remake, looop lapeta, saade saati]
Um Lugar Silencioso - Parte II A Quiet Place Part II 10/06/2021 97 Ficção científica,Thriller,Terror Inglês Lançado 6.1E7 [island, radio transmission, post-apocalyptic future, alien life-form, sequel, alien, child in peril, psychological thriller, creature, alien invasion, parenting, survival horror, alien monster, human vs alien, sign languages, alien attack, hearing impaired]
Uma Noite de Crime:  A Fronteira The Forever Purge 26/08/2021 103 Terror,Ação,Thriller Inglês Lançado 1.8E7 [sequel, prequel, murder, purge]
Uncharted: Fora do Mapa Uncharted 17/02/2022 116 Ação,Aventura Inglês Lançado 1.2E8 [treasure, treasure hunt, based on video game]
Velozes  Furiosos 9 F9 24/06/2021 145 Ação,Crime,Thriller,Aventura Inglês Lançado 2.0E8 [speed, sequel, family relationships, fast car, brother brother relationship]
Venom: Tempo de Carnificina Venom: Let There Be Carnage 07/10/2021 97 Ficção científica,Ação,Aventura Inglês Lançado 1.1E8 [hero, anti hero, villain, sequel, superhero, based on comic, aftercreditsstinger, symbiote, marvel comics]
Viúva Negra Black Widow 08/07/2021 135 Ação,Aventura,Ficção científica Inglês Lançado 2.0E8 [spy, assassin, hero, kgb, based on comic, female assassin, female spy, female hero, marvel cinematic universe (mcu), woman director]
Witch Hunt Witch Hunt 01/10/2021 92 Fantasia,Terror,Thriller,Drama Inglês Lançado 0.0 []
